
*** Running vivado
    with args -log mips_gr.vds -m64 -product Vivado -mode batch -messageDb vivado.pb -notrace -source mips_gr.tcl


****** Vivado v2016.4 (64-bit)
  **** SW Build 1756540 on Mon Jan 23 19:11:23 MST 2017
  **** IP Build 1755317 on Mon Jan 23 20:30:07 MST 2017
    ** Copyright 1986-2016 Xilinx, Inc. All Rights Reserved.

source mips_gr.tcl -notrace
Command: synth_design -top mips_gr -part xc7a35tcpg236-1
Starting synth_design
Attempting to get a license for feature 'Synthesis' and/or device 'xc7a35t'
INFO: [Common 17-349] Got license for feature 'Synthesis' and/or device 'xc7a35t'
INFO: Launching helper process for spawning children vivado processes
INFO: Helper process launched with PID 3700 
---------------------------------------------------------------------------------
Starting RTL Elaboration : Time (s): cpu = 00:00:06 ; elapsed = 00:00:08 . Memory (MB): peak = 322.160 ; gain = 112.145
---------------------------------------------------------------------------------
INFO: [Synth 8-638] synthesizing module 'mips_gr' [C:/Users/AErika/Desktop/lab6/mips_gr/mips_gr.srcs/sources_1/new/mips_gr.vhd:46]
INFO: [Synth 8-3491] module 'mpg' declared at 'C:/Users/AErika/Desktop/lab6/mips_gr/mips_gr.srcs/sources_1/imports/labs/lab1/test_env/test_env.srcs/sources_1/new/mpg.vhd:36' bound to instance 'mono_pulse' of component 'mpg' [C:/Users/AErika/Desktop/lab6/mips_gr/mips_gr.srcs/sources_1/new/mips_gr.vhd:145]
INFO: [Synth 8-638] synthesizing module 'mpg' [C:/Users/AErika/Desktop/lab6/mips_gr/mips_gr.srcs/sources_1/imports/labs/lab1/test_env/test_env.srcs/sources_1/new/mpg.vhd:42]
INFO: [Synth 8-256] done synthesizing module 'mpg' (1#1) [C:/Users/AErika/Desktop/lab6/mips_gr/mips_gr.srcs/sources_1/imports/labs/lab1/test_env/test_env.srcs/sources_1/new/mpg.vhd:42]
INFO: [Synth 8-3491] module 'mpg' declared at 'C:/Users/AErika/Desktop/lab6/mips_gr/mips_gr.srcs/sources_1/imports/labs/lab1/test_env/test_env.srcs/sources_1/new/mpg.vhd:36' bound to instance 'mono_pulse1' of component 'mpg' [C:/Users/AErika/Desktop/lab6/mips_gr/mips_gr.srcs/sources_1/new/mips_gr.vhd:146]
INFO: [Synth 8-3491] module 'mips_top' declared at 'C:/Users/AErika/Desktop/lab6/mips_gr/mips_gr.srcs/sources_1/imports/labs/lab4/mips_ram/mips_ram.srcs/sources_1/new/mips_top.vhd:36' bound to instance 'inst_fetch' of component 'mips_top' [C:/Users/AErika/Desktop/lab6/mips_gr/mips_gr.srcs/sources_1/new/mips_gr.vhd:148]
INFO: [Synth 8-638] synthesizing module 'mips_top' [C:/Users/AErika/Desktop/lab6/mips_gr/mips_gr.srcs/sources_1/imports/labs/lab4/mips_ram/mips_ram.srcs/sources_1/new/mips_top.vhd:48]
INFO: [Synth 8-3491] module 'rom' declared at 'C:/Users/AErika/Desktop/lab6/mips_gr/mips_gr.srcs/sources_1/imports/labs/lab4/mips_ram/mips_ram.srcs/sources_1/new/rom.vhd:6' bound to instance 'rom_memory' of component 'rom' [C:/Users/AErika/Desktop/lab6/mips_gr/mips_gr.srcs/sources_1/imports/labs/lab4/mips_ram/mips_ram.srcs/sources_1/new/mips_top.vhd:78]
INFO: [Synth 8-638] synthesizing module 'rom' [C:/Users/AErika/Desktop/lab6/mips_gr/mips_gr.srcs/sources_1/imports/labs/lab4/mips_ram/mips_ram.srcs/sources_1/new/rom.vhd:13]
INFO: [Synth 8-256] done synthesizing module 'rom' (2#1) [C:/Users/AErika/Desktop/lab6/mips_gr/mips_gr.srcs/sources_1/imports/labs/lab4/mips_ram/mips_ram.srcs/sources_1/new/rom.vhd:13]
INFO: [Synth 8-256] done synthesizing module 'mips_top' (3#1) [C:/Users/AErika/Desktop/lab6/mips_gr/mips_gr.srcs/sources_1/imports/labs/lab4/mips_ram/mips_ram.srcs/sources_1/new/mips_top.vhd:48]
INFO: [Synth 8-3491] module 'control' declared at 'C:/Users/AErika/Desktop/lab6/mips_gr/mips_gr.srcs/sources_1/new/control.vhd:34' bound to instance 'main_control' of component 'control' [C:/Users/AErika/Desktop/lab6/mips_gr/mips_gr.srcs/sources_1/new/mips_gr.vhd:149]
INFO: [Synth 8-638] synthesizing module 'control' [C:/Users/AErika/Desktop/lab6/mips_gr/mips_gr.srcs/sources_1/new/control.vhd:40]
INFO: [Synth 8-226] default block is never used [C:/Users/AErika/Desktop/lab6/mips_gr/mips_gr.srcs/sources_1/new/control.vhd:47]
INFO: [Synth 8-256] done synthesizing module 'control' (4#1) [C:/Users/AErika/Desktop/lab6/mips_gr/mips_gr.srcs/sources_1/new/control.vhd:40]
INFO: [Synth 8-3491] module 'inst_data' declared at 'C:/Users/AErika/Desktop/lab6/mips_gr/mips_gr.srcs/sources_1/new/inst_data.vhd:35' bound to instance 'instr_data' of component 'inst_data' [C:/Users/AErika/Desktop/lab6/mips_gr/mips_gr.srcs/sources_1/new/mips_gr.vhd:150]
INFO: [Synth 8-638] synthesizing module 'inst_data' [C:/Users/AErika/Desktop/lab6/mips_gr/mips_gr.srcs/sources_1/new/inst_data.vhd:48]
INFO: [Synth 8-3491] module 'regf' declared at 'C:/Users/AErika/Desktop/lab6/mips_gr/mips_gr.srcs/sources_1/imports/new/regf.vhd:36' bound to instance 'regist_file' of component 'regf' [C:/Users/AErika/Desktop/lab6/mips_gr/mips_gr.srcs/sources_1/new/inst_data.vhd:73]
INFO: [Synth 8-638] synthesizing module 'regf' [C:/Users/AErika/Desktop/lab6/mips_gr/mips_gr.srcs/sources_1/imports/new/regf.vhd:49]
WARNING: [Synth 8-614] signal 'clk' is read in the process but is not in the sensitivity list [C:/Users/AErika/Desktop/lab6/mips_gr/mips_gr.srcs/sources_1/imports/new/regf.vhd:64]
INFO: [Synth 8-256] done synthesizing module 'regf' (5#1) [C:/Users/AErika/Desktop/lab6/mips_gr/mips_gr.srcs/sources_1/imports/new/regf.vhd:49]
INFO: [Synth 8-256] done synthesizing module 'inst_data' (6#1) [C:/Users/AErika/Desktop/lab6/mips_gr/mips_gr.srcs/sources_1/new/inst_data.vhd:48]
INFO: [Synth 8-3491] module 'segment7' declared at 'C:/Users/AErika/Desktop/lab6/mips_gr/mips_gr.srcs/sources_1/imports/labs/lab2/segmgent7/segmgent7.srcs/sources_1/new/segment7.vhd:36' bound to instance 'seg_7' of component 'segment7' [C:/Users/AErika/Desktop/lab6/mips_gr/mips_gr.srcs/sources_1/new/mips_gr.vhd:151]
INFO: [Synth 8-638] synthesizing module 'segment7' [C:/Users/AErika/Desktop/lab6/mips_gr/mips_gr.srcs/sources_1/imports/labs/lab2/segmgent7/segmgent7.srcs/sources_1/new/segment7.vhd:46]
INFO: [Synth 8-256] done synthesizing module 'segment7' (7#1) [C:/Users/AErika/Desktop/lab6/mips_gr/mips_gr.srcs/sources_1/imports/labs/lab2/segmgent7/segmgent7.srcs/sources_1/new/segment7.vhd:46]
INFO: [Synth 8-3491] module 'exec_unit' declared at 'C:/Users/AErika/Desktop/lab6/mips_gr/mips_gr.srcs/sources_1/new/exec_unit.vhd:36' bound to instance 'execution' of component 'exec_unit' [C:/Users/AErika/Desktop/lab6/mips_gr/mips_gr.srcs/sources_1/new/mips_gr.vhd:153]
INFO: [Synth 8-638] synthesizing module 'exec_unit' [C:/Users/AErika/Desktop/lab6/mips_gr/mips_gr.srcs/sources_1/new/exec_unit.vhd:52]
INFO: [Synth 8-3491] module 'ALU' declared at 'C:/Users/AErika/Desktop/lab6/mips_gr/mips_gr.srcs/sources_1/new/ALU.vhd:36' bound to instance 'ar_logic_unit' of component 'ALU' [C:/Users/AErika/Desktop/lab6/mips_gr/mips_gr.srcs/sources_1/new/exec_unit.vhd:71]
INFO: [Synth 8-638] synthesizing module 'ALU' [C:/Users/AErika/Desktop/lab6/mips_gr/mips_gr.srcs/sources_1/new/ALU.vhd:47]
INFO: [Synth 8-226] default block is never used [C:/Users/AErika/Desktop/lab6/mips_gr/mips_gr.srcs/sources_1/new/ALU.vhd:54]
INFO: [Synth 8-226] default block is never used [C:/Users/AErika/Desktop/lab6/mips_gr/mips_gr.srcs/sources_1/new/ALU.vhd:56]
WARNING: [Synth 8-614] signal 'func' is read in the process but is not in the sensitivity list [C:/Users/AErika/Desktop/lab6/mips_gr/mips_gr.srcs/sources_1/new/ALU.vhd:52]
WARNING: [Synth 8-614] signal 'op1' is read in the process but is not in the sensitivity list [C:/Users/AErika/Desktop/lab6/mips_gr/mips_gr.srcs/sources_1/new/ALU.vhd:52]
WARNING: [Synth 8-614] signal 'op2' is read in the process but is not in the sensitivity list [C:/Users/AErika/Desktop/lab6/mips_gr/mips_gr.srcs/sources_1/new/ALU.vhd:52]
WARNING: [Synth 8-614] signal 'sa' is read in the process but is not in the sensitivity list [C:/Users/AErika/Desktop/lab6/mips_gr/mips_gr.srcs/sources_1/new/ALU.vhd:52]
INFO: [Synth 8-256] done synthesizing module 'ALU' (8#1) [C:/Users/AErika/Desktop/lab6/mips_gr/mips_gr.srcs/sources_1/new/ALU.vhd:47]
INFO: [Synth 8-256] done synthesizing module 'exec_unit' (9#1) [C:/Users/AErika/Desktop/lab6/mips_gr/mips_gr.srcs/sources_1/new/exec_unit.vhd:52]
INFO: [Synth 8-3491] module 'data_memory' declared at 'C:/Users/AErika/Desktop/lab6/mips_gr/mips_gr.srcs/sources_1/new/data_memory.vhd:36' bound to instance 'dat_mem' of component 'data_memory' [C:/Users/AErika/Desktop/lab6/mips_gr/mips_gr.srcs/sources_1/new/mips_gr.vhd:154]
INFO: [Synth 8-638] synthesizing module 'data_memory' [C:/Users/AErika/Desktop/lab6/mips_gr/mips_gr.srcs/sources_1/new/data_memory.vhd:48]
INFO: [Synth 8-256] done synthesizing module 'data_memory' (10#1) [C:/Users/AErika/Desktop/lab6/mips_gr/mips_gr.srcs/sources_1/new/data_memory.vhd:48]
INFO: [Synth 8-226] default block is never used [C:/Users/AErika/Desktop/lab6/mips_gr/mips_gr.srcs/sources_1/new/mips_gr.vhd:160]
WARNING: [Synth 8-614] signal 'instr' is read in the process but is not in the sensitivity list [C:/Users/AErika/Desktop/lab6/mips_gr/mips_gr.srcs/sources_1/new/mips_gr.vhd:158]
WARNING: [Synth 8-614] signal 'int_address' is read in the process but is not in the sensitivity list [C:/Users/AErika/Desktop/lab6/mips_gr/mips_gr.srcs/sources_1/new/mips_gr.vhd:158]
WARNING: [Synth 8-614] signal 'int_rd1' is read in the process but is not in the sensitivity list [C:/Users/AErika/Desktop/lab6/mips_gr/mips_gr.srcs/sources_1/new/mips_gr.vhd:158]
WARNING: [Synth 8-614] signal 'int_rd2' is read in the process but is not in the sensitivity list [C:/Users/AErika/Desktop/lab6/mips_gr/mips_gr.srcs/sources_1/new/mips_gr.vhd:158]
WARNING: [Synth 8-614] signal 'int_ext_imm' is read in the process but is not in the sensitivity list [C:/Users/AErika/Desktop/lab6/mips_gr/mips_gr.srcs/sources_1/new/mips_gr.vhd:158]
WARNING: [Synth 8-614] signal 'int_result' is read in the process but is not in the sensitivity list [C:/Users/AErika/Desktop/lab6/mips_gr/mips_gr.srcs/sources_1/new/mips_gr.vhd:158]
WARNING: [Synth 8-614] signal 'memory_content' is read in the process but is not in the sensitivity list [C:/Users/AErika/Desktop/lab6/mips_gr/mips_gr.srcs/sources_1/new/mips_gr.vhd:158]
WARNING: [Synth 8-614] signal 'final_write' is read in the process but is not in the sensitivity list [C:/Users/AErika/Desktop/lab6/mips_gr/mips_gr.srcs/sources_1/new/mips_gr.vhd:158]
WARNING: [Synth 8-3848] Net led in module/entity mips_gr does not have driver. [C:/Users/AErika/Desktop/lab6/mips_gr/mips_gr.srcs/sources_1/new/mips_gr.vhd:41]
INFO: [Synth 8-256] done synthesizing module 'mips_gr' (11#1) [C:/Users/AErika/Desktop/lab6/mips_gr/mips_gr.srcs/sources_1/new/mips_gr.vhd:46]
WARNING: [Synth 8-3331] design data_memory has unconnected port address[15]
WARNING: [Synth 8-3331] design data_memory has unconnected port address[14]
WARNING: [Synth 8-3331] design data_memory has unconnected port address[13]
WARNING: [Synth 8-3331] design data_memory has unconnected port address[12]
WARNING: [Synth 8-3331] design data_memory has unconnected port address[11]
WARNING: [Synth 8-3331] design data_memory has unconnected port address[10]
WARNING: [Synth 8-3331] design data_memory has unconnected port address[9]
WARNING: [Synth 8-3331] design data_memory has unconnected port address[8]
WARNING: [Synth 8-3331] design data_memory has unconnected port address[7]
WARNING: [Synth 8-3331] design data_memory has unconnected port address[6]
WARNING: [Synth 8-3331] design inst_data has unconnected port instruction[15]
WARNING: [Synth 8-3331] design inst_data has unconnected port instruction[14]
WARNING: [Synth 8-3331] design inst_data has unconnected port instruction[13]
WARNING: [Synth 8-3331] design inst_data has unconnected port contr[7]
WARNING: [Synth 8-3331] design inst_data has unconnected port contr[6]
WARNING: [Synth 8-3331] design inst_data has unconnected port contr[4]
WARNING: [Synth 8-3331] design inst_data has unconnected port contr[3]
WARNING: [Synth 8-3331] design inst_data has unconnected port contr[1]
WARNING: [Synth 8-3331] design inst_data has unconnected port contr[0]
WARNING: [Synth 8-3331] design mips_gr has unconnected port led[15]
WARNING: [Synth 8-3331] design mips_gr has unconnected port led[14]
WARNING: [Synth 8-3331] design mips_gr has unconnected port led[13]
WARNING: [Synth 8-3331] design mips_gr has unconnected port led[12]
WARNING: [Synth 8-3331] design mips_gr has unconnected port led[11]
WARNING: [Synth 8-3331] design mips_gr has unconnected port led[10]
WARNING: [Synth 8-3331] design mips_gr has unconnected port led[9]
WARNING: [Synth 8-3331] design mips_gr has unconnected port led[8]
WARNING: [Synth 8-3331] design mips_gr has unconnected port led[7]
WARNING: [Synth 8-3331] design mips_gr has unconnected port led[6]
WARNING: [Synth 8-3331] design mips_gr has unconnected port led[5]
WARNING: [Synth 8-3331] design mips_gr has unconnected port led[4]
WARNING: [Synth 8-3331] design mips_gr has unconnected port led[3]
WARNING: [Synth 8-3331] design mips_gr has unconnected port led[2]
WARNING: [Synth 8-3331] design mips_gr has unconnected port led[1]
WARNING: [Synth 8-3331] design mips_gr has unconnected port led[0]
WARNING: [Synth 8-3331] design mips_gr has unconnected port btn[4]
WARNING: [Synth 8-3331] design mips_gr has unconnected port btn[1]
WARNING: [Synth 8-3331] design mips_gr has unconnected port btn[0]
WARNING: [Synth 8-3331] design mips_gr has unconnected port sw[15]
WARNING: [Synth 8-3331] design mips_gr has unconnected port sw[14]
WARNING: [Synth 8-3331] design mips_gr has unconnected port sw[13]
WARNING: [Synth 8-3331] design mips_gr has unconnected port sw[12]
WARNING: [Synth 8-3331] design mips_gr has unconnected port sw[11]
WARNING: [Synth 8-3331] design mips_gr has unconnected port sw[10]
WARNING: [Synth 8-3331] design mips_gr has unconnected port sw[9]
WARNING: [Synth 8-3331] design mips_gr has unconnected port sw[8]
WARNING: [Synth 8-3331] design mips_gr has unconnected port sw[4]
WARNING: [Synth 8-3331] design mips_gr has unconnected port sw[3]
WARNING: [Synth 8-3331] design mips_gr has unconnected port sw[2]
WARNING: [Synth 8-3331] design mips_gr has unconnected port sw[1]
WARNING: [Synth 8-3331] design mips_gr has unconnected port sw[0]
---------------------------------------------------------------------------------
Finished RTL Elaboration : Time (s): cpu = 00:00:07 ; elapsed = 00:00:09 . Memory (MB): peak = 360.422 ; gain = 150.406
---------------------------------------------------------------------------------

Report Check Netlist: 
+------+------------------+-------+---------+-------+------------------+
|      |Item              |Errors |Warnings |Status |Description       |
+------+------------------+-------+---------+-------+------------------+
|1     |multi_driven_nets |      0|        0|Passed |Multi driven nets |
+------+------------------+-------+---------+-------+------------------+
---------------------------------------------------------------------------------
Finished RTL Optimization Phase 1 : Time (s): cpu = 00:00:07 ; elapsed = 00:00:09 . Memory (MB): peak = 360.422 ; gain = 150.406
---------------------------------------------------------------------------------
INFO: [Device 21-403] Loading part xc7a35tcpg236-1
INFO: [Project 1-570] Preparing netlist for logic optimization

Processing XDC Constraints
Initializing timing engine
Parsing XDC File [C:/Users/AErika/Desktop/lab6/mips_gr/mips_gr.srcs/constrs_1/imports/new/constraints.xdc]
Finished Parsing XDC File [C:/Users/AErika/Desktop/lab6/mips_gr/mips_gr.srcs/constrs_1/imports/new/constraints.xdc]
INFO: [Project 1-236] Implementation specific constraints were found while reading constraint file [C:/Users/AErika/Desktop/lab6/mips_gr/mips_gr.srcs/constrs_1/imports/new/constraints.xdc]. These constraints will be ignored for synthesis but will be used in implementation. Impacted constraints are listed in the file [.Xil/mips_gr_propImpl.xdc].
Resolution: To avoid this warning, move constraints listed in [.Xil/mips_gr_propImpl.xdc] to another XDC file and exclude this new file from synthesis with the used_in_synthesis property (File Properties dialog in GUI) and re-run elaboration/synthesis.
Completed Processing XDC Constraints

INFO: [Project 1-111] Unisim Transformation Summary:
No Unisim elements were transformed.

Constraint Validation Runtime : Time (s): cpu = 00:00:00 ; elapsed = 00:00:00 . Memory (MB): peak = 651.285 ; gain = 0.000
---------------------------------------------------------------------------------
Finished Constraint Validation : Time (s): cpu = 00:00:15 ; elapsed = 00:00:17 . Memory (MB): peak = 651.285 ; gain = 441.270
---------------------------------------------------------------------------------
---------------------------------------------------------------------------------
Start Loading Part and Timing Information
---------------------------------------------------------------------------------
Loading part: xc7a35tcpg236-1
---------------------------------------------------------------------------------
Finished Loading Part and Timing Information : Time (s): cpu = 00:00:15 ; elapsed = 00:00:17 . Memory (MB): peak = 651.285 ; gain = 441.270
---------------------------------------------------------------------------------
---------------------------------------------------------------------------------
Start Applying 'set_property' XDC Constraints
---------------------------------------------------------------------------------
---------------------------------------------------------------------------------
Finished applying 'set_property' XDC Constraints : Time (s): cpu = 00:00:15 ; elapsed = 00:00:17 . Memory (MB): peak = 651.285 ; gain = 441.270
---------------------------------------------------------------------------------
INFO: [Synth 8-5544] ROM "rom_mem" won't be mapped to Block RAM because address size (4) smaller than threshold (5)
---------------------------------------------------------------------------------
Finished RTL Optimization Phase 2 : Time (s): cpu = 00:00:15 ; elapsed = 00:00:18 . Memory (MB): peak = 651.285 ; gain = 441.270
---------------------------------------------------------------------------------

Report RTL Partitions: 
+-+--------------+------------+----------+
| |RTL Partition |Replication |Instances |
+-+--------------+------------+----------+
+-+--------------+------------+----------+
---------------------------------------------------------------------------------
Start RTL Component Statistics 
---------------------------------------------------------------------------------
Detailed RTL Component Info : 
+---Adders : 
	   2 Input     16 Bit       Adders := 5     
	   3 Input     16 Bit       Adders := 1     
+---XORs : 
	   2 Input     16 Bit         XORs := 1     
+---Registers : 
	               16 Bit    Registers := 2     
	                1 Bit    Registers := 8     
+---RAMs : 
	              816 Bit         RAMs := 1     
+---Muxes : 
	  16 Input     16 Bit        Muxes := 1     
	   2 Input     16 Bit        Muxes := 10    
	   4 Input     16 Bit        Muxes := 1     
	   8 Input      9 Bit        Muxes := 1     
	   4 Input      4 Bit        Muxes := 2     
	   2 Input      3 Bit        Muxes := 1     
---------------------------------------------------------------------------------
Finished RTL Component Statistics 
---------------------------------------------------------------------------------
---------------------------------------------------------------------------------
Start RTL Hierarchical Component Statistics 
---------------------------------------------------------------------------------
Hierarchical RTL Component report 
Module mips_gr 
Detailed RTL Component Info : 
+---Adders : 
	   2 Input     16 Bit       Adders := 1     
+---Muxes : 
	   2 Input     16 Bit        Muxes := 1     
Module mpg 
Detailed RTL Component Info : 
+---Registers : 
	                1 Bit    Registers := 4     
Module rom 
Detailed RTL Component Info : 
+---Muxes : 
	  16 Input     16 Bit        Muxes := 1     
Module mips_top 
Detailed RTL Component Info : 
+---Adders : 
	   2 Input     16 Bit       Adders := 2     
+---Registers : 
	               16 Bit    Registers := 1     
+---Muxes : 
	   2 Input     16 Bit        Muxes := 2     
Module control 
Detailed RTL Component Info : 
+---Muxes : 
	   8 Input      9 Bit        Muxes := 1     
Module inst_data 
Detailed RTL Component Info : 
+---Muxes : 
	   2 Input     16 Bit        Muxes := 2     
	   2 Input      3 Bit        Muxes := 1     
Module segment7 
Detailed RTL Component Info : 
+---Muxes : 
	   4 Input      4 Bit        Muxes := 2     
Module ALU 
Detailed RTL Component Info : 
+---Adders : 
	   3 Input     16 Bit       Adders := 1     
	   2 Input     16 Bit       Adders := 1     
+---XORs : 
	   2 Input     16 Bit         XORs := 1     
+---Muxes : 
	   2 Input     16 Bit        Muxes := 4     
	   4 Input     16 Bit        Muxes := 1     
Module exec_unit 
Detailed RTL Component Info : 
+---Adders : 
	   2 Input     16 Bit       Adders := 1     
+---Muxes : 
	   2 Input     16 Bit        Muxes := 1     
Module data_memory 
Detailed RTL Component Info : 
+---Registers : 
	               16 Bit    Registers := 1     
+---RAMs : 
	              816 Bit         RAMs := 1     
---------------------------------------------------------------------------------
Finished RTL Hierarchical Component Statistics
---------------------------------------------------------------------------------
---------------------------------------------------------------------------------
Start Part Resource Summary
---------------------------------------------------------------------------------
Part Resources:
DSPs: 90 (col length:60)
BRAMs: 100 (col length: RAMB18 60 RAMB36 30)
---------------------------------------------------------------------------------
Finished Part Resource Summary
---------------------------------------------------------------------------------
---------------------------------------------------------------------------------
Start Cross Boundary and Area Optimization
---------------------------------------------------------------------------------
INFO: [Synth 8-4471] merging register 'mono_pulse1/int_e_reg' into 'mono_pulse/int_e_reg' [C:/Users/AErika/Desktop/lab6/mips_gr/mips_gr.srcs/sources_1/imports/labs/lab1/test_env/test_env.srcs/sources_1/new/mpg.vhd:57]
WARNING: [Synth 8-3331] design mips_gr has unconnected port led[15]
WARNING: [Synth 8-3331] design mips_gr has unconnected port led[14]
WARNING: [Synth 8-3331] design mips_gr has unconnected port led[13]
WARNING: [Synth 8-3331] design mips_gr has unconnected port led[12]
WARNING: [Synth 8-3331] design mips_gr has unconnected port led[11]
WARNING: [Synth 8-3331] design mips_gr has unconnected port led[10]
WARNING: [Synth 8-3331] design mips_gr has unconnected port led[9]
WARNING: [Synth 8-3331] design mips_gr has unconnected port led[8]
WARNING: [Synth 8-3331] design mips_gr has unconnected port led[7]
WARNING: [Synth 8-3331] design mips_gr has unconnected port led[6]
WARNING: [Synth 8-3331] design mips_gr has unconnected port led[5]
WARNING: [Synth 8-3331] design mips_gr has unconnected port led[4]
WARNING: [Synth 8-3331] design mips_gr has unconnected port led[3]
WARNING: [Synth 8-3331] design mips_gr has unconnected port led[2]
WARNING: [Synth 8-3331] design mips_gr has unconnected port led[1]
WARNING: [Synth 8-3331] design mips_gr has unconnected port led[0]
WARNING: [Synth 8-3331] design mips_gr has unconnected port btn[4]
WARNING: [Synth 8-3331] design mips_gr has unconnected port btn[1]
WARNING: [Synth 8-3331] design mips_gr has unconnected port btn[0]
WARNING: [Synth 8-3331] design mips_gr has unconnected port sw[15]
WARNING: [Synth 8-3331] design mips_gr has unconnected port sw[14]
WARNING: [Synth 8-3331] design mips_gr has unconnected port sw[13]
WARNING: [Synth 8-3331] design mips_gr has unconnected port sw[12]
WARNING: [Synth 8-3331] design mips_gr has unconnected port sw[11]
WARNING: [Synth 8-3331] design mips_gr has unconnected port sw[10]
WARNING: [Synth 8-3331] design mips_gr has unconnected port sw[9]
WARNING: [Synth 8-3331] design mips_gr has unconnected port sw[8]
WARNING: [Synth 8-3331] design mips_gr has unconnected port sw[4]
WARNING: [Synth 8-3331] design mips_gr has unconnected port sw[3]
WARNING: [Synth 8-3331] design mips_gr has unconnected port sw[2]
WARNING: [Synth 8-3331] design mips_gr has unconnected port sw[1]
WARNING: [Synth 8-3331] design mips_gr has unconnected port sw[0]
WARNING: [Synth 8-3332] Sequential element (inst_fetch/addr_out_reg[15]) is unused and will be removed from module mips_gr.
WARNING: [Synth 8-3332] Sequential element (inst_fetch/addr_out_reg[14]) is unused and will be removed from module mips_gr.
WARNING: [Synth 8-3332] Sequential element (inst_fetch/addr_out_reg[13]) is unused and will be removed from module mips_gr.
WARNING: [Synth 8-3332] Sequential element (inst_fetch/addr_out_reg[12]) is unused and will be removed from module mips_gr.
WARNING: [Synth 8-3332] Sequential element (inst_fetch/addr_out_reg[11]) is unused and will be removed from module mips_gr.
WARNING: [Synth 8-3332] Sequential element (inst_fetch/addr_out_reg[10]) is unused and will be removed from module mips_gr.
WARNING: [Synth 8-3332] Sequential element (inst_fetch/addr_out_reg[9]) is unused and will be removed from module mips_gr.
WARNING: [Synth 8-3332] Sequential element (inst_fetch/addr_out_reg[8]) is unused and will be removed from module mips_gr.
WARNING: [Synth 8-3332] Sequential element (inst_fetch/addr_out_reg[7]) is unused and will be removed from module mips_gr.
WARNING: [Synth 8-3332] Sequential element (inst_fetch/addr_out_reg[6]) is unused and will be removed from module mips_gr.
WARNING: [Synth 8-3332] Sequential element (inst_fetch/addr_out_reg[5]) is unused and will be removed from module mips_gr.
WARNING: [Synth 8-3332] Sequential element (inst_fetch/addr_out_reg[4]) is unused and will be removed from module mips_gr.
---------------------------------------------------------------------------------
Finished Cross Boundary and Area Optimization : Time (s): cpu = 00:00:20 ; elapsed = 00:00:22 . Memory (MB): peak = 651.285 ; gain = 441.270
---------------------------------------------------------------------------------
---------------------------------------------------------------------------------
Start ROM, RAM, DSP and Shift Register Reporting
---------------------------------------------------------------------------------

Distributed RAM: Preliminary Mapping  Report (see note below)
+------------+-----------------------------------+-----------+----------------------+--------------------------------+
|Module Name | RTL Object                        | Inference | Size (Depth x Width) | Primitives                     | 
+------------+-----------------------------------+-----------+----------------------+--------------------------------+
|mips_gr     | dat_mem/rom_mem_reg               | Implied   | 64 x 16              | RAM16X1S x 32  RAM32X1S x 16   | 
|mips_gr     | instr_data/regist_file/memory_reg | Implied   | 8 x 16               | RAM32M x 6                     | 
+------------+-----------------------------------+-----------+----------------------+--------------------------------+

Note: The table above is a preliminary report that shows the Distributed RAMs at the current stage of the synthesis flow. Some Distributed RAMs may be reimplemented as non Distributed RAM primitives later in the synthesis flow. Multiple instantiated RAMs are reported only once.
---------------------------------------------------------------------------------
Finished ROM, RAM, DSP and Shift Register Reporting
---------------------------------------------------------------------------------

Report RTL Partitions: 
+-+--------------+------------+----------+
| |RTL Partition |Replication |Instances |
+-+--------------+------------+----------+
+-+--------------+------------+----------+
---------------------------------------------------------------------------------
Start Timing Optimization
---------------------------------------------------------------------------------
---------------------------------------------------------------------------------
Start Applying XDC Timing Constraints
---------------------------------------------------------------------------------
---------------------------------------------------------------------------------
Finished Applying XDC Timing Constraints : Time (s): cpu = 00:00:29 ; elapsed = 00:00:32 . Memory (MB): peak = 651.285 ; gain = 441.270
---------------------------------------------------------------------------------
---------------------------------------------------------------------------------
Finished Timing Optimization : Time (s): cpu = 00:00:29 ; elapsed = 00:00:32 . Memory (MB): peak = 651.285 ; gain = 441.270
---------------------------------------------------------------------------------

Report RTL Partitions: 
+-+--------------+------------+----------+
| |RTL Partition |Replication |Instances |
+-+--------------+------------+----------+
+-+--------------+------------+----------+
---------------------------------------------------------------------------------
Start Technology Mapping
---------------------------------------------------------------------------------
---------------------------------------------------------------------------------
Finished Technology Mapping : Time (s): cpu = 00:00:29 ; elapsed = 00:00:32 . Memory (MB): peak = 660.355 ; gain = 450.340
---------------------------------------------------------------------------------

Report RTL Partitions: 
+-+--------------+------------+----------+
| |RTL Partition |Replication |Instances |
+-+--------------+------------+----------+
+-+--------------+------------+----------+
---------------------------------------------------------------------------------
Start IO Insertion
---------------------------------------------------------------------------------
---------------------------------------------------------------------------------
Start Flattening Before IO Insertion
---------------------------------------------------------------------------------
---------------------------------------------------------------------------------
Finished Flattening Before IO Insertion
---------------------------------------------------------------------------------
---------------------------------------------------------------------------------
Start Final Netlist Cleanup
---------------------------------------------------------------------------------
---------------------------------------------------------------------------------
Finished Final Netlist Cleanup
---------------------------------------------------------------------------------
---------------------------------------------------------------------------------
Finished IO Insertion : Time (s): cpu = 00:00:30 ; elapsed = 00:00:32 . Memory (MB): peak = 660.355 ; gain = 450.340
---------------------------------------------------------------------------------

Report Check Netlist: 
+------+------------------+-------+---------+-------+------------------+
|      |Item              |Errors |Warnings |Status |Description       |
+------+------------------+-------+---------+-------+------------------+
|1     |multi_driven_nets |      0|        0|Passed |Multi driven nets |
+------+------------------+-------+---------+-------+------------------+
---------------------------------------------------------------------------------
Start Renaming Generated Instances
---------------------------------------------------------------------------------
---------------------------------------------------------------------------------
Finished Renaming Generated Instances : Time (s): cpu = 00:00:30 ; elapsed = 00:00:32 . Memory (MB): peak = 660.355 ; gain = 450.340
---------------------------------------------------------------------------------

Report RTL Partitions: 
+-+--------------+------------+----------+
| |RTL Partition |Replication |Instances |
+-+--------------+------------+----------+
+-+--------------+------------+----------+
---------------------------------------------------------------------------------
Start Rebuilding User Hierarchy
---------------------------------------------------------------------------------
---------------------------------------------------------------------------------
Finished Rebuilding User Hierarchy : Time (s): cpu = 00:00:30 ; elapsed = 00:00:32 . Memory (MB): peak = 660.355 ; gain = 450.340
---------------------------------------------------------------------------------
---------------------------------------------------------------------------------
Start Renaming Generated Ports
---------------------------------------------------------------------------------
---------------------------------------------------------------------------------
Finished Renaming Generated Ports : Time (s): cpu = 00:00:30 ; elapsed = 00:00:32 . Memory (MB): peak = 660.355 ; gain = 450.340
---------------------------------------------------------------------------------
---------------------------------------------------------------------------------
Start Handling Custom Attributes
---------------------------------------------------------------------------------
---------------------------------------------------------------------------------
Finished Handling Custom Attributes : Time (s): cpu = 00:00:30 ; elapsed = 00:00:32 . Memory (MB): peak = 660.355 ; gain = 450.340
---------------------------------------------------------------------------------
---------------------------------------------------------------------------------
Start Renaming Generated Nets
---------------------------------------------------------------------------------
---------------------------------------------------------------------------------
Finished Renaming Generated Nets : Time (s): cpu = 00:00:30 ; elapsed = 00:00:32 . Memory (MB): peak = 660.355 ; gain = 450.340
---------------------------------------------------------------------------------
---------------------------------------------------------------------------------
Start Writing Synthesis Report
---------------------------------------------------------------------------------

Report BlackBoxes: 
+-+--------------+----------+
| |BlackBox name |Instances |
+-+--------------+----------+
+-+--------------+----------+

Report Cell Usage: 
+------+---------+------+
|      |Cell     |Count |
+------+---------+------+
|1     |BUFG     |     1|
|2     |CARRY4   |    14|
|3     |LUT1     |    21|
|4     |LUT2     |     9|
|5     |LUT3     |    17|
|6     |LUT4     |    33|
|7     |LUT5     |    78|
|8     |LUT6     |   144|
|9     |RAM16X1S |    32|
|10    |RAM32M   |     6|
|11    |RAM32X1S |    16|
|12    |FDRE     |    43|
|13    |IBUF     |     6|
|14    |OBUF     |    11|
|15    |OBUFT    |    16|
+------+---------+------+

Report Instance Areas: 
+------+------------------+------------+------+
|      |Instance          |Module      |Cells |
+------+------------------+------------+------+
|1     |top               |            |   447|
|2     |  dat_mem         |data_memory |    92|
|3     |  execution       |exec_unit   |     4|
|4     |    ar_logic_unit |ALU         |     4|
|5     |  inst_fetch      |mips_top    |   227|
|6     |  instr_data      |inst_data   |    17|
|7     |    regist_file   |regf        |    17|
|8     |  mono_pulse      |mpg         |    65|
|9     |  mono_pulse1     |mpg_0       |     3|
+------+------------------+------------+------+
---------------------------------------------------------------------------------
Finished Writing Synthesis Report : Time (s): cpu = 00:00:30 ; elapsed = 00:00:32 . Memory (MB): peak = 660.355 ; gain = 450.340
---------------------------------------------------------------------------------
Synthesis finished with 0 errors, 0 critical warnings and 44 warnings.
Synthesis Optimization Runtime : Time (s): cpu = 00:00:18 ; elapsed = 00:00:23 . Memory (MB): peak = 660.355 ; gain = 118.938
Synthesis Optimization Complete : Time (s): cpu = 00:00:30 ; elapsed = 00:00:33 . Memory (MB): peak = 660.355 ; gain = 450.340
INFO: [Project 1-571] Translating synthesized netlist
INFO: [Netlist 29-17] Analyzing 74 Unisim elements for replacement
INFO: [Netlist 29-28] Unisim Transformation completed in 0 CPU seconds
INFO: [Project 1-570] Preparing netlist for logic optimization
INFO: [Opt 31-138] Pushed 0 inverter(s) to 0 load pin(s).
INFO: [Project 1-111] Unisim Transformation Summary:
  A total of 54 instances were transformed.
  RAM16X1S => RAM32X1S (RAMS32): 32 instances
  RAM32M => RAM32M (RAMD32, RAMD32, RAMD32, RAMD32, RAMD32, RAMD32, RAMS32, RAMS32): 6 instances
  RAM32X1S => RAM32X1S (RAMS32): 16 instances

INFO: [Common 17-83] Releasing license: Synthesis
62 Infos, 109 Warnings, 0 Critical Warnings and 0 Errors encountered.
synth_design completed successfully
synth_design: Time (s): cpu = 00:00:28 ; elapsed = 00:00:29 . Memory (MB): peak = 660.355 ; gain = 421.367
INFO: [Common 17-1381] The checkpoint 'C:/Users/AErika/Desktop/lab6/mips_gr/mips_gr.runs/synth_1/mips_gr.dcp' has been generated.
report_utilization: Time (s): cpu = 00:00:00 ; elapsed = 00:00:00.047 . Memory (MB): peak = 660.355 ; gain = 0.000
INFO: [Common 17-206] Exiting Vivado at Fri Apr 21 06:29:08 2017...
