Copyright 1986-2016 Xilinx, Inc. All Rights Reserved.
------------------------------------------------------------------------------------
| Tool Version : Vivado v.2016.4 (win64) Build 1756540 Mon Jan 23 19:11:23 MST 2017
| Date         : Fri May 26 06:08:29 2017
| Host         : DESKTOP-AQLT8MD running 64-bit major release  (build 9200)
| Command      : report_control_sets -verbose -file mips_gr_control_sets_placed.rpt
| Design       : mips_gr
| Device       : xc7a35t
------------------------------------------------------------------------------------

Control Set Information

Table of Contents
-----------------
1. Summary
2. Flip-Flop Distribution
3. Detailed Control Set Information

1. Summary
----------

+----------------------------------------------------------+-------+
|                          Status                          | Count |
+----------------------------------------------------------+-------+
| Number of unique control sets                            |     4 |
| Unused register locations in slices containing registers |    17 |
+----------------------------------------------------------+-------+


2. Flip-Flop Distribution
-------------------------

+--------------+-----------------------+------------------------+-----------------+--------------+
| Clock Enable | Synchronous Set/Reset | Asynchronous Set/Reset | Total Registers | Total Slices |
+--------------+-----------------------+------------------------+-----------------+--------------+
| No           | No                    | No                     |              21 |            8 |
| No           | No                    | Yes                    |               0 |            0 |
| No           | Yes                   | No                     |               0 |            0 |
| Yes          | No                    | No                     |             114 |           33 |
| Yes          | No                    | Yes                    |               0 |            0 |
| Yes          | Yes                   | No                     |               0 |            0 |
+--------------+-----------------------+------------------------+-----------------+--------------+


3. Detailed Control Set Information
-----------------------------------

+----------------+-------------------------------+------------------+------------------+----------------+
|  Clock Signal  |         Enable Signal         | Set/Reset Signal | Slice Load Count | Bel Load Count |
+----------------+-------------------------------+------------------+------------------+----------------+
|  clk_IBUF_BUFG | mono_pulse/int_e              |                  |                1 |              1 |
|  clk_IBUF_BUFG |                               |                  |                8 |             21 |
|  clk_IBUF_BUFG | reg_memwb/regwr               |                  |                6 |             48 |
|  clk_IBUF_BUFG | mono_pulse/regcont_out_reg[0] |                  |               33 |            115 |
+----------------+-------------------------------+------------------+------------------+----------------+


+--------+-----------------------+
| Fanout | Number of ControlSets |
+--------+-----------------------+
| 1      |                     1 |
| 16+    |                     3 |
+--------+-----------------------+


