Copyright 1986-2016 Xilinx, Inc. All Rights Reserved.
-------------------------------------------------------------------------------------------------------------------------------------------
| Tool Version     : Vivado v.2016.4 (win64) Build 1756540 Mon Jan 23 19:11:23 MST 2017
| Date             : Fri May 26 06:08:57 2017
| Host             : DESKTOP-AQLT8MD running 64-bit major release  (build 9200)
| Command          : report_power -file mips_gr_power_routed.rpt -pb mips_gr_power_summary_routed.pb -rpx mips_gr_power_routed.rpx
| Design           : mips_gr
| Device           : xc7a35tcpg236-1
| Design State     : routed
| Grade            : commercial
| Process          : typical
| Characterization : Production
-------------------------------------------------------------------------------------------------------------------------------------------

Power Report

Table of Contents
-----------------
1. Summary
1.1 On-Chip Components
1.2 Power Supply Summary
1.3 Confidence Level
2. Settings
2.1 Environment
2.2 Clock Constraints
3. Detailed Reports
3.1 By Hierarchy

1. Summary
----------

+--------------------------+----------------------------------+
| Total On-Chip Power (W)  | 17.932 (Junction temp exceeded!) |
| Dynamic (W)              | 17.560                           |
| Device Static (W)        | 0.372                            |
| Effective TJA (C/W)      | 5.0                              |
| Max Ambient (C)          | 0.0                              |
| Junction Temperature (C) | 114.6                            |
| Confidence Level         | Low                              |
| Setting File             | ---                              |
| Simulation Activity File | ---                              |
| Design Nets Matched      | NA                               |
+--------------------------+----------------------------------+


1.1 On-Chip Components
----------------------

+--------------------------+-----------+----------+-----------+-----------------+
| On-Chip                  | Power (W) | Used     | Available | Utilization (%) |
+--------------------------+-----------+----------+-----------+-----------------+
| Slice Logic              |     1.138 |      482 |       --- |             --- |
|   LUT as Logic           |     0.884 |      204 |     20800 |            0.98 |
|   LUT as Distributed RAM |     0.112 |       24 |      9600 |            0.25 |
|   CARRY4                 |     0.077 |       15 |      8150 |            0.18 |
|   Register               |     0.034 |      135 |     41600 |            0.32 |
|   F7/F8 Muxes            |     0.025 |       27 |     32600 |            0.08 |
|   BUFG                   |     0.006 |        1 |        32 |            3.13 |
|   LUT as Shift Register  |    <0.001 |        2 |      9600 |            0.02 |
|   Others                 |     0.000 |       18 |       --- |             --- |
| Signals                  |     1.263 |      388 |       --- |             --- |
| Block RAM                |     0.051 |      0.5 |        50 |            1.00 |
| I/O                      |    15.108 |       32 |       106 |           30.19 |
| Static Power             |     0.372 |          |           |                 |
| Total                    |    17.932 |          |           |                 |
+--------------------------+-----------+----------+-----------+-----------------+


1.2 Power Supply Summary
------------------------

+-----------+-------------+-----------+-------------+------------+
| Source    | Voltage (V) | Total (A) | Dynamic (A) | Static (A) |
+-----------+-------------+-----------+-------------+------------+
| Vccint    |       1.000 |     2.719 |       2.469 |      0.250 |
| Vccaux    |       1.800 |     0.595 |       0.553 |      0.042 |
| Vcco33    |       3.300 |     4.271 |       4.270 |      0.001 |
| Vcco25    |       2.500 |     0.000 |       0.000 |      0.000 |
| Vcco18    |       1.800 |     0.000 |       0.000 |      0.000 |
| Vcco15    |       1.500 |     0.000 |       0.000 |      0.000 |
| Vcco135   |       1.350 |     0.000 |       0.000 |      0.000 |
| Vcco12    |       1.200 |     0.000 |       0.000 |      0.000 |
| Vccaux_io |       1.800 |     0.000 |       0.000 |      0.000 |
| Vccbram   |       1.000 |     0.010 |       0.003 |      0.007 |
| MGTAVcc   |       1.000 |     0.000 |       0.000 |      0.000 |
| MGTAVtt   |       1.200 |     0.000 |       0.000 |      0.000 |
| Vccadc    |       1.800 |     0.020 |       0.000 |      0.020 |
+-----------+-------------+-----------+-------------+------------+


1.3 Confidence Level
--------------------

+-----------------------------+------------+--------------------------------------------------------+--------------------------------------------------------------------------------------------------------------------+
| User Input Data             | Confidence | Details                                                | Action                                                                                                             |
+-----------------------------+------------+--------------------------------------------------------+--------------------------------------------------------------------------------------------------------------------+
| Design implementation state | High       | Design is routed                                       |                                                                                                                    |
| Clock nodes activity        | Low        | User specified less than 75% of clocks                 | Provide missing clock activity with a constraint file, simulation results or by editing the "By Clock Domain" view |
| I/O nodes activity          | Low        | More than 75% of inputs are missing user specification | Provide missing input activity with simulation results or by editing the "By Resource Type -> I/Os" view           |
| Internal nodes activity     | Medium     | User specified less than 25% of internal nodes         | Provide missing internal nodes activity with simulation results or by editing the "By Resource Type" views         |
| Device models               | High       | Device models are Production                           |                                                                                                                    |
|                             |            |                                                        |                                                                                                                    |
| Overall confidence level    | Low        |                                                        |                                                                                                                    |
+-----------------------------+------------+--------------------------------------------------------+--------------------------------------------------------------------------------------------------------------------+


2. Settings
-----------

2.1 Environment
---------------

+-----------------------+--------------------------+
| Ambient Temp (C)      | 25.0                     |
| ThetaJA (C/W)         | 5.0                      |
| Airflow (LFM)         | 250                      |
| Heat Sink             | medium (Medium Profile)  |
| ThetaSA (C/W)         | 4.6                      |
| Board Selection       | medium (10"x10")         |
| # of Board Layers     | 12to15 (12 to 15 Layers) |
| Board Temperature (C) | 25.0                     |
+-----------------------+--------------------------+


2.2 Clock Constraints
---------------------

+-------+--------+-----------------+
| Clock | Domain | Constraint (ns) |
+-------+--------+-----------------+


3. Detailed Reports
-------------------

3.1 By Hierarchy
----------------

+-------------------------------+-----------+
| Name                          | Power (W) |
+-------------------------------+-----------+
| mips_gr                       |    17.560 |
|   dat_mem                     |     0.072 |
|   execution                   |     0.138 |
|     ar_logic_unit             |     0.136 |
|   inst_fetch                  |     0.055 |
|   instr_data                  |     0.167 |
|     regist_file               |     0.167 |
|       memory_reg_r1_0_7_0_5   |     0.038 |
|       memory_reg_r1_0_7_12_15 |     0.028 |
|       memory_reg_r1_0_7_6_11  |     0.024 |
|       memory_reg_r2_0_7_0_5   |     0.025 |
|       memory_reg_r2_0_7_12_15 |     0.028 |
|       memory_reg_r2_0_7_6_11  |     0.023 |
|   mono_pulse                  |     0.130 |
|   reg_exmem                   |     0.074 |
|   reg_idex                    |     1.510 |
|   reg_if_id                   |     0.059 |
|   reg_memwb                   |     0.152 |
+-------------------------------+-----------+


