#-----------------------------------------------------------
# Vivado v2016.4 (64-bit)
# SW Build 1756540 on Mon Jan 23 19:11:23 MST 2017
# IP Build 1755317 on Mon Jan 23 20:30:07 MST 2017
# Start of session at: Tue Mar 14 20:22:09 2017
# Process ID: 8536
# Current directory: D:/git/UTCN_CS_2nd_year/CA/practice_lab/lab01/project_1
# Command line: vivado.exe -gui_launcher_event rodinguilauncherevent5496 D:\git\UTCN_CS_2nd_year\CA\practice_lab\lab01\project_1\project_1.xpr
# Log file: D:/git/UTCN_CS_2nd_year/CA/practice_lab/lab01/project_1/vivado.log
# Journal file: D:/git/UTCN_CS_2nd_year/CA/practice_lab/lab01/project_1\vivado.jou
#-----------------------------------------------------------
start_gui
open_project D:/git/UTCN_CS_2nd_year/CA/practice_lab/lab01/project_1/project_1.xpr
Scanning sources...
Finished scanning sources
INFO: [IP_Flow 19-234] Refreshing IP repositories
INFO: [IP_Flow 19-1704] No user IP repositories specified
INFO: [IP_Flow 19-2313] Loaded Vivado IP repository 'C:/Xilinx/Vivado/2016.4/data/ip'.
open_project: Time (s): cpu = 00:00:10 ; elapsed = 00:00:06 . Memory (MB): peak = 759.711 ; gain = 110.766
exit
INFO: [Common 17-206] Exiting Vivado at Tue Mar 14 20:22:57 2017...
