#-----------------------------------------------------------
# Vivado v2016.4 (64-bit)
# SW Build 1756540 on Mon Jan 23 19:11:23 MST 2017
# IP Build 1755317 on Mon Jan 23 20:30:07 MST 2017
# Start of session at: Tue Mar 14 20:27:47 2017
# Process ID: 7700
# Current directory: C:/Users/AErika/Documents/2nd/2nd_sem/CA/labs/david/project_1
# Command line: vivado.exe -gui_launcher_event rodinguilauncherevent9504 C:\Users\AErika\Documents\2nd\2nd_sem\CA\labs\david\project_1\project_1.xpr
# Log file: C:/Users/AErika/Documents/2nd/2nd_sem/CA/labs/david/project_1/vivado.log
# Journal file: C:/Users/AErika/Documents/2nd/2nd_sem/CA/labs/david/project_1\vivado.jou
#-----------------------------------------------------------
start_gui
open_project C:/Users/AErika/Documents/2nd/2nd_sem/CA/labs/david/project_1/project_1.xpr
INFO: [Project 1-313] Project file moved from 'D:/git/UTCN_CS_2nd_year/CA/practice_lab/lab01/project_1' since last save.
CRITICAL WARNING: [Project 1-311] Could not find the file 'C:/Users/AErika/Documents/2nd/2nd_sem/CA/labs/david/test_new/test_new.srcs/sources_1/imports/new/mpg.vhd', nor could it be found using path 'D:/git/UTCN_CS_2nd_year/CA/practice_lab/lab01/test_new/test_new.srcs/sources_1/imports/new/mpg.vhd'.
Scanning sources...
Finished scanning sources
INFO: [IP_Flow 19-234] Refreshing IP repositories
INFO: [IP_Flow 19-1704] No user IP repositories specified
INFO: [IP_Flow 19-2313] Loaded Vivado IP repository 'C:/Vivado/2016.4/data/ip'.
open_project: Time (s): cpu = 00:00:10 ; elapsed = 00:00:20 . Memory (MB): peak = 762.996 ; gain = 153.449
