#-----------------------------------------------------------
# Vivado v2016.4 (64-bit)
# SW Build 1756540 on Mon Jan 23 19:11:23 MST 2017
# IP Build 1755317 on Mon Jan 23 20:30:07 MST 2017
# Start of session at: Tue Mar 14 18:31:54 2017
# Process ID: 7436
# Current directory: C:/Users/AErika/Documents/2nd/2nd_sem/CA/labs/lab2/segmgent7
# Command line: vivado.exe -gui_launcher_event rodinguilauncherevent10424 C:\Users\AErika\Documents\2nd\2nd_sem\CA\labs\lab2\segmgent7\segmgent7.xpr
# Log file: C:/Users/AErika/Documents/2nd/2nd_sem/CA/labs/lab2/segmgent7/vivado.log
# Journal file: C:/Users/AErika/Documents/2nd/2nd_sem/CA/labs/lab2/segmgent7\vivado.jou
#-----------------------------------------------------------
start_gui
open_project C:/Users/AErika/Documents/2nd/2nd_sem/CA/labs/lab2/segmgent7/segmgent7.xpr
Scanning sources...
Finished scanning sources
INFO: [IP_Flow 19-234] Refreshing IP repositories
INFO: [IP_Flow 19-1704] No user IP repositories specified
INFO: [IP_Flow 19-2313] Loaded Vivado IP repository 'C:/Vivado/2016.4/data/ip'.
open_project: Time (s): cpu = 00:00:10 ; elapsed = 00:00:13 . Memory (MB): peak = 729.789 ; gain = 124.094
create_run impl_2 -parent_run synth_1 -flow {Vivado Implementation 2016} -strategy {Vivado Implementation Defaults}
Run is defaulting to parent run srcset: sources_1
Run is defaulting to parent run constrset: constrs_1
Run is defaulting to parent run part: xc7a35tcpg236-1
current_run [get_runs impl_2]
set_property target_language VHDL [current_project]
reset_run synth_1
launch_runs synth_1 -jobs 2
INFO: [HDL 9-1061] Parsing VHDL file "C:/Users/AErika/Documents/2nd/2nd_sem/CA/labs/lab2/segmgent7/segmgent7.srcs/sources_1/new/top_segment.vhd" into library xil_defaultlib [C:/Users/AErika/Documents/2nd/2nd_sem/CA/labs/lab2/segmgent7/segmgent7.srcs/sources_1/new/top_segment.vhd:1]
[Tue Mar 14 21:25:54 2017] Launched synth_1...
Run output will be captured here: C:/Users/AErika/Documents/2nd/2nd_sem/CA/labs/lab2/segmgent7/segmgent7.runs/synth_1/runme.log
launch_runs: Time (s): cpu = 00:00:00 ; elapsed = 00:00:08 . Memory (MB): peak = 796.098 ; gain = 0.000
launch_runs impl_2 -jobs 2
[Tue Mar 14 21:49:53 2017] Launched impl_2...
Run output will be captured here: C:/Users/AErika/Documents/2nd/2nd_sem/CA/labs/lab2/segmgent7/segmgent7.runs/impl_2/runme.log
launch_runs impl_2 -to_step write_bitstream -jobs 2
[Tue Mar 14 21:57:56 2017] Launched impl_2...
Run output will be captured here: C:/Users/AErika/Documents/2nd/2nd_sem/CA/labs/lab2/segmgent7/segmgent7.runs/impl_2/runme.log
