#-----------------------------------------------------------
# Vivado v2016.4 (64-bit)
# SW Build 1756540 on Mon Jan 23 19:11:23 MST 2017
# IP Build 1755317 on Mon Jan 23 20:30:07 MST 2017
# Start of session at: Wed Apr 12 09:47:05 2017
# Process ID: 3916
# Current directory: C:/Users/AErika/Documents/2nd/2nd_sem/CA/labs/lab6/mips_gr
# Command line: vivado.exe -gui_launcher_event rodinguilauncherevent3964 C:\Users\AErika\Documents\2nd\2nd_sem\CA\labs\lab6\mips_gr\mips_gr.xpr
# Log file: C:/Users/AErika/Documents/2nd/2nd_sem/CA/labs/lab6/mips_gr/vivado.log
# Journal file: C:/Users/AErika/Documents/2nd/2nd_sem/CA/labs/lab6/mips_gr\vivado.jou
#-----------------------------------------------------------
start_gui
open_project C:/Users/AErika/Documents/2nd/2nd_sem/CA/labs/lab6/mips_gr/mips_gr.xpr
Scanning sources...
Finished scanning sources
INFO: [IP_Flow 19-234] Refreshing IP repositories
INFO: [IP_Flow 19-1704] No user IP repositories specified
INFO: [IP_Flow 19-2313] Loaded Vivado IP repository 'C:/Vivado/2016.4/data/ip'.
open_project: Time (s): cpu = 00:00:09 ; elapsed = 00:00:24 . Memory (MB): peak = 686.133 ; gain = 114.965
exit
INFO: [Common 17-206] Exiting Vivado at Thu Apr 13 01:00:53 2017...
