#-----------------------------------------------------------
# Vivado v2016.4 (64-bit)
# SW Build 1756540 on Mon Jan 23 19:11:23 MST 2017
# IP Build 1755317 on Mon Jan 23 20:30:07 MST 2017
# Start of session at: Thu May 18 18:39:49 2017
# Process ID: 6944
# Current directory: C:/Users/AErika/Documents/2nd/2nd_sem/lab6/mips_gr
# Command line: vivado.exe -gui_launcher_event rodinguilauncherevent9148 C:\Users\AErika\Documents\2nd\2nd_sem\lab6\mips_gr\mips_gr.xpr
# Log file: C:/Users/AErika/Documents/2nd/2nd_sem/lab6/mips_gr/vivado.log
# Journal file: C:/Users/AErika/Documents/2nd/2nd_sem/lab6/mips_gr\vivado.jou
#-----------------------------------------------------------
start_gui
open_project C:/Users/AErika/Documents/2nd/2nd_sem/lab6/mips_gr/mips_gr.xpr
INFO: [Project 1-313] Project file moved from 'C:/Users/AErika/Desktop/lab6/mips_gr' since last save.
Scanning sources...
Finished scanning sources
INFO: [IP_Flow 19-234] Refreshing IP repositories
INFO: [IP_Flow 19-1704] No user IP repositories specified
INFO: [IP_Flow 19-2313] Loaded Vivado IP repository 'C:/Vivado/2016.4/data/ip'.
open_project: Time (s): cpu = 00:00:11 ; elapsed = 00:00:23 . Memory (MB): peak = 793.004 ; gain = 142.121
