d:\git\utcn_cs_2nd_year\ecg\practice_lab\ecg_lab8\ecg_lab8\debug\vc141.pdb
d:\git\utcn_cs_2nd_year\ecg\practice_lab\ecg_lab8\ecg_lab8\debug\vc141.idb
d:\git\utcn_cs_2nd_year\ecg\practice_lab\ecg_lab8\ecg_lab8\debug\camera.obj
d:\git\utcn_cs_2nd_year\ecg\practice_lab\ecg_lab8\ecg_lab8\debug\main.obj
d:\git\utcn_cs_2nd_year\ecg\practice_lab\ecg_lab8\ecg_lab8\debug\mat3.obj
d:\git\utcn_cs_2nd_year\ecg\practice_lab\ecg_lab8\ecg_lab8\debug\mat4.obj
d:\git\utcn_cs_2nd_year\ecg\practice_lab\ecg_lab8\ecg_lab8\debug\projection.obj
d:\git\utcn_cs_2nd_year\ecg\practice_lab\ecg_lab8\ecg_lab8\debug\transform.obj
d:\git\utcn_cs_2nd_year\ecg\practice_lab\ecg_lab8\ecg_lab8\debug\vec2.obj
d:\git\utcn_cs_2nd_year\ecg\practice_lab\ecg_lab8\ecg_lab8\debug\vec3.obj
d:\git\utcn_cs_2nd_year\ecg\practice_lab\ecg_lab8\ecg_lab8\debug\vec4.obj
d:\git\utcn_cs_2nd_year\ecg\practice_lab\ecg_lab8\debug\ecg_lab8.pdb
d:\git\utcn_cs_2nd_year\ecg\practice_lab\ecg_lab8\ecg_lab8\debug\ecg_lab8.tlog\cl.command.1.tlog
d:\git\utcn_cs_2nd_year\ecg\practice_lab\ecg_lab8\ecg_lab8\debug\ecg_lab8.tlog\cl.read.1.tlog
d:\git\utcn_cs_2nd_year\ecg\practice_lab\ecg_lab8\ecg_lab8\debug\ecg_lab8.tlog\cl.write.1.tlog
d:\git\utcn_cs_2nd_year\ecg\practice_lab\ecg_lab8\ecg_lab8\debug\ecg_lab8.tlog\link.11400.read.1.tlog
d:\git\utcn_cs_2nd_year\ecg\practice_lab\ecg_lab8\ecg_lab8\debug\ecg_lab8.tlog\link.11400.write.1.tlog
d:\git\utcn_cs_2nd_year\ecg\practice_lab\ecg_lab8\ecg_lab8\debug\ecg_lab8.tlog\link.command.1.tlog
d:\git\utcn_cs_2nd_year\ecg\practice_lab\ecg_lab8\ecg_lab8\debug\ecg_lab8.tlog\link.read.1.tlog
d:\git\utcn_cs_2nd_year\ecg\practice_lab\ecg_lab8\ecg_lab8\debug\ecg_lab8.tlog\link.write.1.tlog
