#-----------------------------------------------------------
# Vivado v2016.4 (64-bit)
# SW Build 1756540 on Mon Jan 23 19:11:23 MST 2017
# IP Build 1755317 on Mon Jan 23 20:30:07 MST 2017
# Start of session at: Thu May 04 20:12:39 2017
# Process ID: 176
# Current directory: C:/Users/AErika/Documents/2nd/2nd_sem/CA/labs/fsm
# Command line: vivado.exe -gui_launcher_event rodinguilauncherevent6776 C:\Users\AErika\Documents\2nd\2nd_sem\CA\labs\fsm\fsm.xpr
# Log file: C:/Users/AErika/Documents/2nd/2nd_sem/CA/labs/fsm/vivado.log
# Journal file: C:/Users/AErika/Documents/2nd/2nd_sem/CA/labs/fsm\vivado.jou
#-----------------------------------------------------------
start_gui
open_project C:/Users/AErika/Documents/2nd/2nd_sem/CA/labs/fsm/fsm.xpr
INFO: [Project 1-313] Project file moved from 'D:/Student/30422/Erika/fsm' since last save.
Scanning sources...
Finished scanning sources
INFO: [IP_Flow 19-234] Refreshing IP repositories
INFO: [IP_Flow 19-1704] No user IP repositories specified
INFO: [IP_Flow 19-2313] Loaded Vivado IP repository 'C:/Vivado/2016.4/data/ip'.
opopen_project: Time (s): cpu = 00:00:10 ; elapsed = 00:01:12 . Memory (MB): peak = 721.910 ; gain = 120.26imexit
INFO: [Common 17-206] Exiting Vivado at Thu May 04 21:46:19 2017...
test_env/test_env.srcs/sources_1/new/mpg.vhd
import_files: Time (s): cpu = 00:00:01 ; elapsed = 00:00:06 . Memory (MB): peak = 740.711 ; gain = 0.000
launch_runs synth_1 -jobs 2
INFO: [HDL 9-1061] Parsing VHDL file "C:/Users/AErika/Documents/2nd/2nd_sem/CA/labs/fsm/fsm.srcs/sources_1/new/test_env.vhd" into library xil_defaultlib [C:/Users/AErika/Documents/2nd/2nd_sem/CA/labs/fsm/fsm.srcs/sources_1/new/test_env.vhd:1]
[Thu May 04 21:52:10 2017] Launched synth_1...
Run output will be captured here: C:/Users/AErika/Documents/2nd/2nd_sem/CA/labs/fsm/fsm.runs/synth_1/runme.log
launch_runs: Time (s): cpu = 00:00:00 ; elapsed = 00:00:09 . Memory (MB): peak = 740.711 ; gain = 0.000
launch_runs impl_1 -jobs 2
[Thu May 04 21:54:02 2017] Launched impl_1...
Run output will be captured here: C:/Users/AErika/Documents/2nd/2nd_sem/CA/labs/fsm/fsm.runs/impl_1/runme.log
launch_runs impl_1 -to_step write_bitstream -jobs 2
[Thu May 04 21:56:52 2017] Launched impl_1...
Run output will be captured here: C:/Users/AErika/Documents/2nd/2nd_sem/CA/labs/fsm/fsm.runs/impl_1/runme.log
