#-----------------------------------------------------------
# Vivado v2016.4 (64-bit)
# SW Build 1756540 on Mon Jan 23 19:11:23 MST 2017
# IP Build 1755317 on Mon Jan 23 20:30:07 MST 2017
# Start of session at: Thu Mar 23 10:37:45 2017
# Process ID: 6980
# Current directory: C:/Users/AErika/Documents/2nd/2nd_sem/CA/labs/lab3/rom
# Command line: vivado.exe -gui_launcher_event rodinguilauncherevent5572 C:\Users\AErika\Documents\2nd\2nd_sem\CA\labs\lab3\rom\rom.xpr
# Log file: C:/Users/AErika/Documents/2nd/2nd_sem/CA/labs/lab3/rom/vivado.log
# Journal file: C:/Users/AErika/Documents/2nd/2nd_sem/CA/labs/lab3/rom\vivado.jou
#-----------------------------------------------------------
start_gui
open_project C:/Users/AErika/Documents/2nd/2nd_sem/CA/labs/lab3/rom/rom.xpr
Scanning sources...
Finished scanning sources
INFO: [IP_Flow 19-234] Refreshing IP repositories
INFO: [IP_Flow 19-1704] No user IP repositories specified
INFO: [IP_Flow 19-2313] Loaded Vivado IP repository 'C:/Vivado/2016.4/data/ip'.
open_project: Time (s): cpu = 00:00:17 ; elapsed = 00:00:40 . Memory (MB): peak = 769.250 ; gain = 163.504
WARNING: [Common 17-9] Error reading message records.
WARNING: [Common 17-9] Error reading message records.
WARNING: [Common 17-9] Error reading message records.
WARNING: [Common 17-9] Error reading message records.
WARNING: [Common 17-9] Error reading message records.
WARNING: [Common 17-9] Error reading message records.
WARNING: [Common 17-9] Error reading message records.
exit
INFO: [Common 17-206] Exiting Vivado at Thu Mar 23 12:23:51 2017...
_1/new/rom_top.vhd:1]
[Thu Mar 23 12:13:31 2017] Launched synth_1...
Run output will be captured here: C:/Users/AErika/Documents/2nd/2nd_sem/CA/labs/lab3/rom/rom.runs/synth_1/runme.log
launch_runs: Time (s): cpu = 00:00:00 ; elapsed = 00:00:06 . Memory (MB): peak = 810.531 ; gain = 0.000
reset_run synth_1
WARNING: [Vivado 12-1017] Problems encountered:
1. Failed to delete one or more files in run directory C:/Users/AErika/Documents/2nd/2nd_sem/CA/labs/lab3/rom/rom.runs/synth_1

launch_runs synth_1 -jobs 2
INFO: [HDL 9-1061] Parsing VHDL file "C:/Users/AErika/Documents/2nd/2nd_sem/CA/labs/lab3/rom/rom.srcs/sources_1/new/rom_top.vhd" into library xil_defaultlib [C:/Users/AErika/Documents/2nd/2nd_sem/CA/labs/lab3/rom/rom.srcs/sources_1/new/rom_top.vhd:1]
[Thu Mar 23 12:15:30 2017] Launched synth_1...
Run output will be captured here: C:/Users/AErika/Documents/2nd/2nd_sem/CA/labs/lab3/rom/rom.runs/synth_1/runme.log
launch_runs impl_1 -jobs 2
[Thu Mar 23 12:16:36 2017] Launched impl_1...
Run output will be captured here: C:/Users/AErika/Documents/2nd/2nd_sem/CA/labs/lab3/rom/rom.runs/impl_1/runme.log
open_run impl_1
INFO: [Netlist 29-17] Analyzing 7 Unisim elements for replacement
INFO: [Netlist 29-28] Unisim Transformation completed in 0 CPU seconds
INFO: [Project 1-479] Netlist was created with Vivado 2016.4
INFO: [Device 21-403] Loading part xc7a35tcpg236-1
INFO: [Project 1-570] Preparing netlist for logic optimization
Parsing XDC File [C:/Users/AErika/Documents/2nd/2nd_sem/CA/labs/lab3/rom/.Xil/Vivado-1612-DESKTOP-AQLT8MD/dcp/rom_top.xdc]
Finished Parsing XDC File [C:/Users/AErika/Documents/2nd/2nd_sem/CA/labs/lab3/rom/.Xil/Vivado-1612-DESKTOP-AQLT8MD/dcp/rom_top.xdc]
Reading XDEF placement.
Reading placer database...
Reading XDEF routing.
Read XDEF File: Time (s): cpu = 00:00:00 ; elapsed = 00:00:00.361 . Memory (MB): peak = 975.820 ; gain = 0.027
Restored from archive | CPU: 0.000000 secs | Memory: 0.000000 MB |
Finished XDEF File Restore: Time (s): cpu = 00:00:00 ; elapsed = 00:00:00.385 . Memory (MB): peak = 975.820 ; gain = 0.027
INFO: [Project 1-111] Unisim Transformation Summary:
No Unisim elements were transformed.

open_run: Time (s): cpu = 00:00:12 ; elapsed = 00:00:18 . Memory (MB): peak = 1081.230 ; gain = 270.699
WARNING: [Timing 38-313] There are no user specified timing constraints. Timing constraints are needed for proper timing analysis.
launch_runs impl_1 -to_step write_bitstream -jobs 2
[Thu Mar 23 12:22:05 2017] Launched impl_1...
Run output will be captured here: C:/Users/AErika/Documents/2nd/2nd_sem/CA/labs/lab3/rom/rom.runs/impl_1/runme.log
exit
INFO: [Common 17-206] Exiting Vivado at Thu Mar 23 12:23:33 2017...
