#-----------------------------------------------------------
# Vivado v2016.4 (64-bit)
# SW Build 1756540 on Mon Jan 23 19:11:23 MST 2017
# IP Build 1755317 on Mon Jan 23 20:30:07 MST 2017
# Start of session at: Fri Apr 07 08:00:30 2017
# Process ID: 6832
# Current directory: C:/Users/AErika/Documents/2nd/2nd_sem/CA/labs/lab4/mips_ram
# Command line: vivado.exe -gui_launcher_event rodinguilauncherevent3344 C:\Users\AErika\Documents\2nd\2nd_sem\CA\labs\lab4\mips_ram\mips_ram.xpr
# Log file: C:/Users/AErika/Documents/2nd/2nd_sem/CA/labs/lab4/mips_ram/vivado.log
# Journal file: C:/Users/AErika/Documents/2nd/2nd_sem/CA/labs/lab4/mips_ram\vivado.jou
#-----------------------------------------------------------
start_gui
open_project C:/Users/AErika/Documents/2nd/2nd_sem/CA/labs/lab4/mips_ram/mips_ram.xpr
Scanning sources...
Finished scanning sources
INFO: [IP_Flow 19-234] Refreshing IP repositories
INFO: [IP_Flow 19-1704] No user IP repositories specified
INFO: [IP_Flow 19-2313] Loaded Vivado IP repository 'C:/Vivado/2016.4/data/ip'.
open_project: Time (s): cpu = 00:00:11 ; elapsed = 00:00:25 . Memory (MB): peak = 721.887 ; gain = 117.414
exit
INFO: [Common 17-206] Exiting Vivado at Fri Apr 07 09:55:12 2017...
